d:\授業の内容、学校関連\git\mygame\korokoromygame\korokoromygame\debug\vc140.pdb
d:\授業の内容、学校関連\git\mygame\korokoromygame\korokoromygame\debug\vc140.idb
d:\授業の内容、学校関連\git\mygame\korokoromygame\korokoromygame\debug\player.obj
d:\授業の内容、学校関連\git\mygame\korokoromygame\korokoromygame\debug\myrandom.obj
d:\授業の内容、学校関連\git\mygame\korokoromygame\korokoromygame\debug\resourcemanager.obj
d:\授業の内容、学校関連\git\mygame\korokoromygame\korokoromygame\debug\scenebase.obj
d:\授業の内容、学校関連\git\mygame\korokoromygame\korokoromygame\debug\scenemanager.obj
d:\授業の内容、学校関連\git\mygame\korokoromygame\korokoromygame\debug\sceneload.obj
d:\授業の内容、学校関連\git\mygame\korokoromygame\korokoromygame\debug\scenemain.obj
d:\授業の内容、学校関連\git\mygame\korokoromygame\korokoromygame\debug\sceneselect.obj
d:\授業の内容、学校関連\git\mygame\korokoromygame\korokoromygame\debug\scenestageedit.obj
d:\授業の内容、学校関連\git\mygame\korokoromygame\korokoromygame\debug\scenetitle.obj
d:\授業の内容、学校関連\git\mygame\korokoromygame\korokoromygame\debug\selectmanager.obj
d:\授業の内容、学校関連\git\mygame\korokoromygame\korokoromygame\debug\skydome.obj
d:\授業の内容、学校関連\git\mygame\korokoromygame\korokoromygame\debug\spikeblock.obj
d:\授業の内容、学校関連\git\mygame\korokoromygame\korokoromygame\debug\stageclearui.obj
d:\授業の内容、学校関連\git\mygame\korokoromygame\korokoromygame\debug\staritem.obj
d:\授業の内容、学校関連\git\mygame\korokoromygame\korokoromygame\debug\starparticle.obj
d:\授業の内容、学校関連\git\mygame\korokoromygame\korokoromygame\debug\starui.obj
d:\授業の内容、学校関連\git\mygame\korokoromygame\korokoromygame\debug\titleselectui.obj
d:\授業の内容、学校関連\git\mygame\korokoromygame\korokoromygame\debug\titleui.obj
d:\授業の内容、学校関連\git\mygame\korokoromygame\korokoromygame\debug\korokoromygame.tlog\cl.command.1.tlog
d:\授業の内容、学校関連\git\mygame\korokoromygame\korokoromygame\debug\korokoromygame.tlog\cl.read.1.tlog
d:\授業の内容、学校関連\git\mygame\korokoromygame\korokoromygame\debug\korokoromygame.tlog\cl.write.1.tlog
