  Application.cpp
d:\git\mygame\korokoromygame\korokoromygame\source\application\Application.h(16): fatal error C1083: include ファイルを開けません。'd3dx9.h':No such file or directory
  MyAudiere.cpp
d:\git\mygame\korokoromygame\korokoromygame\source\audio\MyAudiere.h(12): fatal error C1083: include ファイルを開けません。'd3dx9.h':No such file or directory
  Board.cpp
d:\git\mygame\korokoromygame\korokoromygame\source\board\../ResoueceManager/ResourceManager.h(12): fatal error C1083: include ファイルを開けません。'd3dx9.h':No such file or directory
  Camera.cpp
d:\git\mygame\korokoromygame\korokoromygame\source\camera\Camera.h(12): fatal error C1083: include ファイルを開けません。'd3dx9.h':No such file or directory
  Collider.cpp
d:\git\mygame\korokoromygame\korokoromygame\source\collider\Collider.h(16): fatal error C1083: include ファイルを開けません。'd3dx9.h':No such file or directory
  Collision.cpp
d:\git\mygame\korokoromygame\korokoromygame\source\collision\../Pawn/Pawn.h(11): fatal error C1083: include ファイルを開けません。'd3dx9.h':No such file or directory
  DirectX3D.cpp
d:\git\mygame\korokoromygame\korokoromygame\source\directx3d\DirectX3D.h(13): fatal error C1083: include ファイルを開けません。'd3dx9.h':No such file or directory
  Main.cpp
d:\git\mygame\korokoromygame\korokoromygame\source\entrypoint\../Application/Application.h(16): fatal error C1083: include ファイルを開けません。'd3dx9.h':No such file or directory
  FadeUI.cpp
d:\git\mygame\korokoromygame\korokoromygame\source\board\../ResoueceManager/ResourceManager.h(12): fatal error C1083: include ファイルを開けません。'd3dx9.h':No such file or directory
  Figure.cpp
d:\git\mygame\korokoromygame\korokoromygame\source\figure\Figure.h(11): fatal error C1083: include ファイルを開けません。'd3dx9.h':No such file or directory
  GameObjectBase.cpp
  HeartObj.cpp
d:\git\mygame\korokoromygame\korokoromygame\source\heartobj\../Pawn/Pawn.h(11): fatal error C1083: include ファイルを開けません。'd3dx9.h':No such file or directory
  Keyboard.cpp
d:\git\mygame\korokoromygame\korokoromygame\source\keyboard\Keyboard.h(16): fatal error C1083: include ファイルを開けません。'd3dx9.h':No such file or directory
  Light.cpp
d:\git\mygame\korokoromygame\korokoromygame\source\light\Light.h(8): fatal error C1083: include ファイルを開けません。'd3dx9.h':No such file or directory
  MyLoadIcon.cpp
d:\git\mygame\korokoromygame\korokoromygame\source\board\../ResoueceManager/ResourceManager.h(12): fatal error C1083: include ファイルを開けません。'd3dx9.h':No such file or directory
  MainField.cpp
d:\git\mygame\korokoromygame\korokoromygame\source\mainfield\../Pawn/Pawn.h(11): fatal error C1083: include ファイルを開けません。'd3dx9.h':No such file or directory
  MeshFieldBase.cpp
d:\git\mygame\korokoromygame\korokoromygame\source\meshfieldbase\../Pawn/Pawn.h(11): fatal error C1083: include ファイルを開けません。'd3dx9.h':No such file or directory
  MyHierarchy.cpp
d:\git\mygame\korokoromygame\korokoromygame\source\myhierarchy\MyHierarchy.h(11): fatal error C1083: include ファイルを開けません。'd3dx9.h':No such file or directory
  MyVector3.cpp
d:\git\mygame\korokoromygame\korokoromygame\source\myvector3\MyVector3.h(11): fatal error C1083: include ファイルを開けません。'd3dx9.h':No such file or directory
  Pawn.cpp
d:\git\mygame\korokoromygame\korokoromygame\source\pawn\Pawn.h(11): fatal error C1083: include ファイルを開けません。'd3dx9.h':No such file or directory
  コンパイル中...
  Player.cpp
d:\git\mygame\korokoromygame\korokoromygame\source\player\../Pawn/Pawn.h(11): fatal error C1083: include ファイルを開けません。'd3dx9.h':No such file or directory
  ResourceManager.cpp
d:\git\mygame\korokoromygame\korokoromygame\source\resouecemanager\ResourceManager.h(12): fatal error C1083: include ファイルを開けません。'd3dx9.h':No such file or directory
  sceneBase.cpp
d:\git\mygame\korokoromygame\korokoromygame\source\sceneinterface\SceneBase.h(15): fatal error C1083: include ファイルを開けません。'd3dx9.h':No such file or directory
  SceneManager.cpp
d:\git\mygame\korokoromygame\korokoromygame\source\scenemanager\../SceneInterface/sceneBase.h(15): fatal error C1083: include ファイルを開けません。'd3dx9.h':No such file or directory
  SceneLoad.cpp
d:\git\mygame\korokoromygame\korokoromygame\source\scene\load\../../SceneInterface/sceneBase.h(15): fatal error C1083: include ファイルを開けません。'd3dx9.h':No such file or directory
  SceneMain.cpp
d:\git\mygame\korokoromygame\korokoromygame\source\scene\main\../../SceneInterface/sceneBase.h(15): fatal error C1083: include ファイルを開けません。'd3dx9.h':No such file or directory
  SceneTitle.cpp
d:\git\mygame\korokoromygame\korokoromygame\source\scene\title\../../SceneInterface/sceneBase.h(15): fatal error C1083: include ファイルを開けません。'd3dx9.h':No such file or directory
  Skydome.cpp
d:\git\mygame\korokoromygame\korokoromygame\source\skydome\../Pawn/Pawn.h(11): fatal error C1083: include ファイルを開けません。'd3dx9.h':No such file or directory
  TitleUI.cpp
d:\git\mygame\korokoromygame\korokoromygame\source\board\../ResoueceManager/ResourceManager.h(12): fatal error C1083: include ファイルを開けません。'd3dx9.h':No such file or directory
  Transform.cpp
d:\git\mygame\korokoromygame\korokoromygame\source\transform\Transform.h(13): fatal error C1083: include ファイルを開けません。'd3dx9.h':No such file or directory
