d:\授業の内容、学校関連\git\mygame\korokoromygame\korokoromygame\release\vc140.pdb
d:\授業の内容、学校関連\git\mygame\korokoromygame\korokoromygame\release\gameobjectbase.obj
d:\授業の内容、学校関連\git\mygame\korokoromygame\korokoromygame\release\mydelete.obj
d:\授業の内容、学校関連\git\mygame\korokoromygame\korokoromygame\release\meshfieldbase.obj
d:\授業の内容、学校関連\git\mygame\korokoromygame\korokoromygame\release\mainfield.obj
d:\授業の内容、学校関連\git\mygame\korokoromygame\korokoromygame\release\myloadicon.obj
d:\授業の内容、学校関連\git\mygame\korokoromygame\korokoromygame\release\light.obj
d:\授業の内容、学校関連\git\mygame\korokoromygame\korokoromygame\release\keyboard.obj
d:\授業の内容、学校関連\git\mygame\korokoromygame\korokoromygame\release\heartobj.obj
d:\授業の内容、学校関連\git\mygame\korokoromygame\korokoromygame\release\fream.obj
d:\授業の内容、学校関連\git\mygame\korokoromygame\korokoromygame\release\figure.obj
d:\授業の内容、学校関連\git\mygame\korokoromygame\korokoromygame\release\fadeui.obj
d:\授業の内容、学校関連\git\mygame\korokoromygame\korokoromygame\release\main.obj
d:\授業の内容、学校関連\git\mygame\korokoromygame\korokoromygame\release\directx3d.obj
d:\授業の内容、学校関連\git\mygame\korokoromygame\korokoromygame\release\collision.obj
d:\授業の内容、学校関連\git\mygame\korokoromygame\korokoromygame\release\collider.obj
d:\授業の内容、学校関連\git\mygame\korokoromygame\korokoromygame\release\camera.obj
d:\授業の内容、学校関連\git\mygame\korokoromygame\korokoromygame\release\board.obj
d:\授業の内容、学校関連\git\mygame\korokoromygame\korokoromygame\release\ballobj.obj
d:\授業の内容、学校関連\git\mygame\korokoromygame\korokoromygame\release\background.obj
d:\授業の内容、学校関連\git\mygame\korokoromygame\korokoromygame\release\myaudiere.obj
d:\授業の内容、学校関連\git\mygame\korokoromygame\korokoromygame\release\application.obj
d:\授業の内容、学校関連\git\mygame\korokoromygame\korokoromygame\release\titleui.obj
d:\授業の内容、学校関連\git\mygame\korokoromygame\korokoromygame\release\star.obj
d:\授業の内容、学校関連\git\mygame\korokoromygame\korokoromygame\release\skydome.obj
d:\授業の内容、学校関連\git\mygame\korokoromygame\korokoromygame\release\selectmanager.obj
d:\授業の内容、学校関連\git\mygame\korokoromygame\korokoromygame\release\scenetitle.obj
d:\授業の内容、学校関連\git\mygame\korokoromygame\korokoromygame\release\sceneselect.obj
d:\授業の内容、学校関連\git\mygame\korokoromygame\korokoromygame\release\scenemain.obj
d:\授業の内容、学校関連\git\mygame\korokoromygame\korokoromygame\release\sceneload.obj
d:\授業の内容、学校関連\git\mygame\korokoromygame\korokoromygame\release\scenemanager.obj
d:\授業の内容、学校関連\git\mygame\korokoromygame\korokoromygame\release\scenebase.obj
d:\授業の内容、学校関連\git\mygame\korokoromygame\korokoromygame\release\resourcemanager.obj
d:\授業の内容、学校関連\git\mygame\korokoromygame\korokoromygame\release\myrandom.obj
d:\授業の内容、学校関連\git\mygame\korokoromygame\korokoromygame\release\player.obj
d:\授業の内容、学校関連\git\mygame\korokoromygame\korokoromygame\release\pawn.obj
d:\授業の内容、学校関連\git\mygame\korokoromygame\korokoromygame\release\particle.obj
d:\授業の内容、学校関連\git\mygame\korokoromygame\korokoromygame\release\myvector3.obj
d:\授業の内容、学校関連\git\mygame\korokoromygame\korokoromygame\release\myhierarchy.obj
d:\授業の内容、学校関連\git\mygame\korokoromygame\korokoromygame\release\stageeditor.obj
d:\授業の内容、学校関連\git\mygame\korokoromygame\korokoromygame\release\whatstagesaveui.obj
d:\授業の内容、学校関連\git\mygame\korokoromygame\korokoromygame\release\block.obj
d:\授業の内容、学校関連\git\mygame\korokoromygame\korokoromygame\release\scenestageedit.obj
d:\授業の内容、学校関連\git\mygame\korokoromygame\korokoromygame\release\mainobject.obj
d:\授業の内容、学校関連\git\mygame\korokoromygame\korokoromygame\release\goal.obj
d:\授業の内容、学校関連\git\mygame\korokoromygame\korokoromygame\release\gamemanager.obj
d:\授業の内容、学校関連\git\mygame\korokoromygame\korokoromygame\release\countdown.obj
d:\授業の内容、学校関連\git\mygame\korokoromygame\korokoromygame\release\titleselectui.obj
d:\授業の内容、学校関連\git\mygame\korokoromygame\korokoromygame\release\starparticle.obj
d:\授業の内容、学校関連\git\mygame\korokoromygame\korokoromygame\release\stageclearui.obj
d:\授業の内容、学校関連\git\mygame\korokoromygame\korokoromygame\release\spikeblock.obj
d:\授業の内容、学校関連\git\mygame\korokoromygame\korokoromygame\release\missui.obj
d:\授業の内容、学校関連\git\mygame\korokoromygame\korokoromygame\release\itembase.obj
d:\授業の内容、学校関連\git\mygame\korokoromygame\korokoromygame\release\starui.obj
d:\授業の内容、学校関連\git\mygame\korokoromygame\korokoromygame\release\staritem.obj
d:\授業の内容、学校関連\git\mygame\korokoromygame\release\korokoromygame.exe
d:\授業の内容、学校関連\git\mygame\korokoromygame\release\korokoromygame.ipdb
d:\授業の内容、学校関連\git\mygame\korokoromygame\release\korokoromygame.iobj
d:\授業の内容、学校関連\git\mygame\korokoromygame\release\korokoromygame.pdb
d:\授業の内容、学校関連\git\mygame\korokoromygame\korokoromygame\release\korokoromygame.tlog\cl.command.1.tlog
d:\授業の内容、学校関連\git\mygame\korokoromygame\korokoromygame\release\korokoromygame.tlog\cl.read.1.tlog
d:\授業の内容、学校関連\git\mygame\korokoromygame\korokoromygame\release\korokoromygame.tlog\cl.write.1.tlog
d:\授業の内容、学校関連\git\mygame\korokoromygame\korokoromygame\release\korokoromygame.tlog\link.command.1.tlog
d:\授業の内容、学校関連\git\mygame\korokoromygame\korokoromygame\release\korokoromygame.tlog\link.read.1.tlog
d:\授業の内容、学校関連\git\mygame\korokoromygame\korokoromygame\release\korokoromygame.tlog\link.write.1.tlog
